<?xml version="1.0" encoding="UTF-8"?>
<!-- Generated by org.testng.reporters.JUnitXMLReporter -->
<testsuite ignored="1" hostname="Our-Dell-Laptop" failures="0" tests="10" name="Default test" time="17.979" errors="0" timestamp="2024-03-28T16:15:25 IST">
  <testcase classname="TestCases.Login" name="loginTest" time="0.009"/>
  <testcase classname="TestCases.Login" name="loginTest" time="0.003"/>
  <testcase classname="TestCases.Login" name="loginTest" time="0.002"/>
  <testcase classname="TestCases.Login" name="loginTest" time="0.003"/>
  <testcase classname="TestCases.Login" name="loginTest" time="0.003"/>
  <testcase classname="TestCases.Login" name="loginTest" time="0.003"/>
  <testcase classname="TestCases.Login" name="loginTest" time="0.002"/>
  <testcase classname="TestCases.Login" name="loginTest" time="0.004"/>
  <testcase classname="TestCases.Login" name="loginTest" time="0.005"/>
  <testcase classname="TestCases.Login" name="loginTest" time="0.002"/>
  <testcase classname="TestCases.Login" name="loginTest" time="0.0">
    <ignored/>
  </testcase> <!-- loginTest -->
</testsuite> <!-- Default test -->
