<?xml version="1.0" encoding="UTF-8"?>
<!-- Generated by org.testng.reporters.JUnitXMLReporter -->
<testsuite ignored="0" hostname="Our-Dell-Laptop" failures="0" tests="11" name="Default test" time="11.969" errors="0" timestamp="2024-03-28T18:48:10 IST">
  <testcase classname="TestCases.Login" name="loginTest" time="0.98"/>
  <testcase classname="TestCases.Login" name="loginTest" time="0.002"/>
  <testcase classname="TestCases.Login" name="loginTest" time="0.002"/>
  <testcase classname="TestCases.Login" name="loginTest" time="0.002"/>
  <testcase classname="TestCases.Login" name="loginTest" time="0.002"/>
  <testcase classname="TestCases.Login" name="loginTest" time="0.003"/>
  <testcase classname="TestCases.Login" name="loginTest" time="0.002"/>
  <testcase classname="TestCases.Login" name="loginTest" time="0.003"/>
  <testcase classname="TestCases.Login" name="loginTest" time="0.002"/>
  <testcase classname="TestCases.Login" name="loginTest" time="0.001"/>
  <testcase classname="TestCases.Login" name="loginTest" time="0.002"/>
</testsuite> <!-- Default test -->
