<?xml version="1.0" encoding="UTF-8"?>
<testng-results ignored="0" total="11" passed="11" failed="0" skipped="0">
  <reporter-output>
    <line>
      <![CDATA[Initiating Browser and navigating to URL!]]>
    </line>
    <line>
      <![CDATA[Browser initiated and navigated to URL.]]>
    </line>
    <line>
      <![CDATA[Closing all  browser sessions!]]>
    </line>
    <line>
      <![CDATA[All browser sessions closed.]]>
    </line>
  </reporter-output>
  <suite started-at="2024-03-28T18:47:58 IST" name="Default suite" finished-at="2024-03-28T18:48:10 IST" duration-ms="11969">
    <groups>
    </groups>
    <test started-at="2024-03-28T18:47:58 IST" name="Default test" finished-at="2024-03-28T18:48:10 IST" duration-ms="11969">
      <class name="TestCases.Login">
        <test-method is-config="true" signature="setup()[pri:0, instance:TestCases.Login@5ddeb7cb]" started-at="2024-03-28T18:47:58 IST" name="setup" finished-at="2024-03-28T18:48:06 IST" duration-ms="7838" status="PASS">
          <reporter-output>
            <line>
              <![CDATA[Initiating Browser and navigating to URL!]]>
            </line>
            <line>
              <![CDATA[Browser initiated and navigated to URL.]]>
            </line>
          </reporter-output>
        </test-method> <!-- setup -->
        <test-method signature="loginTest()[pri:0, instance:TestCases.Login@5ddeb7cb]" started-at="2024-03-28T18:48:06 IST" name="loginTest" finished-at="2024-03-28T18:48:07 IST" duration-ms="980" status="PASS">
          <reporter-output>
          </reporter-output>
        </test-method> <!-- loginTest -->
        <test-method signature="loginTest(java.lang.String,java.lang.String,java.lang.String,java.lang.String)[pri:0, instance:TestCases.Login@5ddeb7cb]" started-at="2024-03-28T18:48:08 IST" name="loginTest" data-provider="excelDataProvider" finished-at="2024-03-28T18:48:08 IST" duration-ms="2" status="PASS">
          <params>
            <param index="0">
              <value>
                <![CDATA[user1@email.com]]>
              </value>
            </param>
            <param index="1">
              <value>
                <![CDATA[Pass code 1]]>
              </value>
            </param>
            <param index="2">
              <value>
                <![CDATA[Autentication code 1]]>
              </value>
            </param>
            <param index="3">
              <value>
                <![CDATA[External auuten 1]]>
              </value>
            </param>
          </params>
          <reporter-output>
          </reporter-output>
        </test-method> <!-- loginTest -->
        <test-method signature="loginTest(java.lang.String,java.lang.String,java.lang.String,java.lang.String)[pri:0, instance:TestCases.Login@5ddeb7cb]" started-at="2024-03-28T18:48:08 IST" name="loginTest" data-provider="excelDataProvider" finished-at="2024-03-28T18:48:08 IST" duration-ms="2" status="PASS">
          <params>
            <param index="0">
              <value>
                <![CDATA[user2@email.com]]>
              </value>
            </param>
            <param index="1">
              <value>
                <![CDATA[Pass code 2]]>
              </value>
            </param>
            <param index="2">
              <value>
                <![CDATA[Autentication code 2]]>
              </value>
            </param>
            <param index="3">
              <value>
                <![CDATA[External auuten 2]]>
              </value>
            </param>
          </params>
          <reporter-output>
          </reporter-output>
        </test-method> <!-- loginTest -->
        <test-method signature="loginTest(java.lang.String,java.lang.String,java.lang.String,java.lang.String)[pri:0, instance:TestCases.Login@5ddeb7cb]" started-at="2024-03-28T18:48:08 IST" name="loginTest" data-provider="excelDataProvider" finished-at="2024-03-28T18:48:08 IST" duration-ms="2" status="PASS">
          <params>
            <param index="0">
              <value>
                <![CDATA[user3@email.com]]>
              </value>
            </param>
            <param index="1">
              <value>
                <![CDATA[Pass code 3]]>
              </value>
            </param>
            <param index="2">
              <value>
                <![CDATA[Autentication code 3]]>
              </value>
            </param>
            <param index="3">
              <value>
                <![CDATA[External auuten 3]]>
              </value>
            </param>
          </params>
          <reporter-output>
          </reporter-output>
        </test-method> <!-- loginTest -->
        <test-method signature="loginTest(java.lang.String,java.lang.String,java.lang.String,java.lang.String)[pri:0, instance:TestCases.Login@5ddeb7cb]" started-at="2024-03-28T18:48:08 IST" name="loginTest" data-provider="excelDataProvider" finished-at="2024-03-28T18:48:08 IST" duration-ms="2" status="PASS">
          <params>
            <param index="0">
              <value>
                <![CDATA[user4@email.com]]>
              </value>
            </param>
            <param index="1">
              <value>
                <![CDATA[Pass code 4]]>
              </value>
            </param>
            <param index="2">
              <value>
                <![CDATA[Autentication code 4]]>
              </value>
            </param>
            <param index="3">
              <value>
                <![CDATA[External auuten 4]]>
              </value>
            </param>
          </params>
          <reporter-output>
          </reporter-output>
        </test-method> <!-- loginTest -->
        <test-method signature="loginTest(java.lang.String,java.lang.String,java.lang.String,java.lang.String)[pri:0, instance:TestCases.Login@5ddeb7cb]" started-at="2024-03-28T18:48:08 IST" name="loginTest" data-provider="excelDataProvider" finished-at="2024-03-28T18:48:08 IST" duration-ms="3" status="PASS">
          <params>
            <param index="0">
              <value>
                <![CDATA[user5@email.com]]>
              </value>
            </param>
            <param index="1">
              <value>
                <![CDATA[Pass code 5]]>
              </value>
            </param>
            <param index="2">
              <value>
                <![CDATA[Autentication code 5]]>
              </value>
            </param>
            <param index="3">
              <value>
                <![CDATA[External auuten 5]]>
              </value>
            </param>
          </params>
          <reporter-output>
          </reporter-output>
        </test-method> <!-- loginTest -->
        <test-method signature="loginTest(java.lang.String,java.lang.String,java.lang.String,java.lang.String)[pri:0, instance:TestCases.Login@5ddeb7cb]" started-at="2024-03-28T18:48:08 IST" name="loginTest" data-provider="excelDataProvider" finished-at="2024-03-28T18:48:08 IST" duration-ms="2" status="PASS">
          <params>
            <param index="0">
              <value>
                <![CDATA[user6@email.com]]>
              </value>
            </param>
            <param index="1">
              <value>
                <![CDATA[Pass code 6]]>
              </value>
            </param>
            <param index="2">
              <value>
                <![CDATA[Autentication code 6]]>
              </value>
            </param>
            <param index="3">
              <value>
                <![CDATA[External auuten 6]]>
              </value>
            </param>
          </params>
          <reporter-output>
          </reporter-output>
        </test-method> <!-- loginTest -->
        <test-method signature="loginTest(java.lang.String,java.lang.String,java.lang.String,java.lang.String)[pri:0, instance:TestCases.Login@5ddeb7cb]" started-at="2024-03-28T18:48:08 IST" name="loginTest" data-provider="excelDataProvider" finished-at="2024-03-28T18:48:08 IST" duration-ms="3" status="PASS">
          <params>
            <param index="0">
              <value>
                <![CDATA[user7@email.com]]>
              </value>
            </param>
            <param index="1">
              <value>
                <![CDATA[Pass code 7]]>
              </value>
            </param>
            <param index="2">
              <value>
                <![CDATA[Autentication code 7]]>
              </value>
            </param>
            <param index="3">
              <value>
                <![CDATA[External auuten 7]]>
              </value>
            </param>
          </params>
          <reporter-output>
          </reporter-output>
        </test-method> <!-- loginTest -->
        <test-method signature="loginTest(java.lang.String,java.lang.String,java.lang.String,java.lang.String)[pri:0, instance:TestCases.Login@5ddeb7cb]" started-at="2024-03-28T18:48:08 IST" name="loginTest" data-provider="excelDataProvider" finished-at="2024-03-28T18:48:08 IST" duration-ms="2" status="PASS">
          <params>
            <param index="0">
              <value>
                <![CDATA[user8@email.com]]>
              </value>
            </param>
            <param index="1">
              <value>
                <![CDATA[Pass code 8]]>
              </value>
            </param>
            <param index="2">
              <value>
                <![CDATA[Autentication code 8]]>
              </value>
            </param>
            <param index="3">
              <value>
                <![CDATA[External auuten 8]]>
              </value>
            </param>
          </params>
          <reporter-output>
          </reporter-output>
        </test-method> <!-- loginTest -->
        <test-method signature="loginTest(java.lang.String,java.lang.String,java.lang.String,java.lang.String)[pri:0, instance:TestCases.Login@5ddeb7cb]" started-at="2024-03-28T18:48:08 IST" name="loginTest" data-provider="excelDataProvider" finished-at="2024-03-28T18:48:08 IST" duration-ms="1" status="PASS">
          <params>
            <param index="0">
              <value>
                <![CDATA[user9@email.com]]>
              </value>
            </param>
            <param index="1">
              <value>
                <![CDATA[Pass code 9]]>
              </value>
            </param>
            <param index="2">
              <value>
                <![CDATA[Autentication code 9]]>
              </value>
            </param>
            <param index="3">
              <value>
                <![CDATA[External auuten 9]]>
              </value>
            </param>
          </params>
          <reporter-output>
          </reporter-output>
        </test-method> <!-- loginTest -->
        <test-method signature="loginTest(java.lang.String,java.lang.String,java.lang.String,java.lang.String)[pri:0, instance:TestCases.Login@5ddeb7cb]" started-at="2024-03-28T18:48:08 IST" name="loginTest" data-provider="excelDataProvider" finished-at="2024-03-28T18:48:08 IST" duration-ms="2" status="PASS">
          <params>
            <param index="0">
              <value>
                <![CDATA[user10@email.com]]>
              </value>
            </param>
            <param index="1">
              <value>
                <![CDATA[Pass code 10]]>
              </value>
            </param>
            <param index="2">
              <value>
                <![CDATA[Autentication code 10]]>
              </value>
            </param>
            <param index="3">
              <value>
                <![CDATA[External auuten 10]]>
              </value>
            </param>
          </params>
          <reporter-output>
          </reporter-output>
        </test-method> <!-- loginTest -->
        <test-method is-config="true" signature="tearDown()[pri:0, instance:TestCases.Login@5ddeb7cb]" started-at="2024-03-28T18:48:08 IST" name="tearDown" finished-at="2024-03-28T18:48:10 IST" duration-ms="1862" status="PASS">
          <reporter-output>
            <line>
              <![CDATA[Closing all  browser sessions!]]>
            </line>
            <line>
              <![CDATA[All browser sessions closed.]]>
            </line>
          </reporter-output>
        </test-method> <!-- tearDown -->
      </class> <!-- TestCases.Login -->
    </test> <!-- Default test -->
  </suite> <!-- Default suite -->
</testng-results>
