<?xml version="1.0" encoding="UTF-8"?>
<testng-results ignored="0" total="1" passed="1" failed="0" skipped="0">
  <reporter-output>
    <line>
      <![CDATA[Initiating Browser and navigating to URL!]]>
    </line>
    <line>
      <![CDATA[Browser initiated and navigated to URL.]]>
    </line>
    <line>
      <![CDATA[Closing all  browser sessions!]]>
    </line>
    <line>
      <![CDATA[All browser sessions closed.]]>
    </line>
  </reporter-output>
  <suite started-at="2024-03-21T11:47:47 IST" name="Default suite" finished-at="2024-03-21T11:48:04 IST" duration-ms="16484">
    <groups>
    </groups>
    <test started-at="2024-03-21T11:47:47 IST" name="Default test" finished-at="2024-03-21T11:48:04 IST" duration-ms="16484">
      <class name="TestCases.Logout">
        <test-method is-config="true" signature="setup()[pri:0, instance:TestCases.Logout@353352b6]" started-at="2024-03-21T11:47:47 IST" name="setup" finished-at="2024-03-21T11:47:55 IST" duration-ms="8203" status="PASS">
          <reporter-output>
            <line>
              <![CDATA[Initiating Browser and navigating to URL!]]>
            </line>
            <line>
              <![CDATA[Browser initiated and navigated to URL.]]>
            </line>
          </reporter-output>
        </test-method> <!-- setup -->
        <test-method signature="logoutTest()[pri:0, instance:TestCases.Logout@353352b6]" started-at="2024-03-21T11:47:55 IST" name="logoutTest" finished-at="2024-03-21T11:48:02 IST" duration-ms="6426" status="PASS">
          <reporter-output>
          </reporter-output>
        </test-method> <!-- logoutTest -->
        <test-method is-config="true" signature="tearDown()[pri:0, instance:TestCases.Logout@353352b6]" started-at="2024-03-21T11:48:02 IST" name="tearDown" finished-at="2024-03-21T11:48:04 IST" duration-ms="1769" status="PASS">
          <reporter-output>
            <line>
              <![CDATA[Closing all  browser sessions!]]>
            </line>
            <line>
              <![CDATA[All browser sessions closed.]]>
            </line>
          </reporter-output>
        </test-method> <!-- tearDown -->
      </class> <!-- TestCases.Logout -->
    </test> <!-- Default test -->
  </suite> <!-- Default suite -->
</testng-results>
